# JRE version: Java(TM) SE Runtime Environment (7.0_80-b15) (build 1.7.0_80-b15)
# Java VM: Java HotSpot(TM) Client VM (24.80-b11 mixed mode windows-x86 )
Heap
 def new generation   total 4928K, used 2923K [0x03c00000, 0x04150000, 0x09150000)
  eden space 4416K,  65% used [0x03c00000, 0x03ecfcb8, 0x04050000)
  from space 512K,   8% used [0x040d0000, 0x040db2e8, 0x04150000)
  to   space 512K,   0% used [0x04050000, 0x04050000, 0x040d0000)
 tenured generation   total 10944K, used 1445K [0x09150000, 0x09c00000, 0x13c00000)
   the space 10944K,  13% used [0x09150000, 0x092b9788, 0x092b9800, 0x09c00000)
 compacting perm gen  total 12288K, used 7909K [0x13c00000, 0x14800000, 0x17c00000)
   the space 12288K,  64% used [0x13c00000, 0x143b94d0, 0x143b9600, 0x14800000)
GC Heap History (10 events):
Event: 7.008 GC heap before
{Heap before GC invocations=6 (full 0):
 def new generation   total 4928K, used 4461K [0x03c00000, 0x04150000, 0x09150000)
  eden space 4416K, 100% used [0x03c00000, 0x04050000, 0x04050000)
  from space 512K,   8% used [0x04050000, 0x0405b410, 0x040d0000)
  to   space 512K,   0% used [0x040d0000, 0x040d0000, 0x04150000)
 tenured generation   total 10944K, used 1445K [0x09150000, 0x09c00000, 0x13c00000)
   the space 10944K,  13% used [0x09150000, 0x092b9788, 0x092b9800, 0x09c00000)
 compacting perm gen  total 12288K, used 7677K [0x13c00000, 0x14800000, 0x17c00000)
   the space 12288K,  62% used [0x13c00000, 0x1437f6a8, 0x1437f800, 0x14800000)
No shared spaces configured.
Event: 7.009 GC heap after
Heap after GC invocations=7 (full 0):
 def new generation   total 4928K, used 44K [0x03c00000, 0x04150000, 0x09150000)
  eden space 4416K,   0% used [0x03c00000, 0x03c00000, 0x04050000)
  from space 512K,   8% used [0x040d0000, 0x040db228, 0x04150000)
  to   space 512K,   0% used [0x04050000, 0x04050000, 0x040d0000)
 tenured generation   total 10944K, used 1445K [0x09150000, 0x09c00000, 0x13c00000)
   the space 10944K,  13% used [0x09150000, 0x092b9788, 0x092b9800, 0x09c00000)
 compacting perm gen  total 12288K, used 7677K [0x13c00000, 0x14800000, 0x17c00000)
   the space 12288K,  62% used [0x13c00000, 0x1437f6a8, 0x1437f800, 0x14800000)
No shared spaces configured.
}
Event: 7.404 GC heap before
{Heap before GC invocations=7 (full 0):
 def new generation   total 4928K, used 4460K [0x03c00000, 0x04150000, 0x09150000)
  eden space 4416K, 100% used [0x03c00000, 0x04050000, 0x04050000)
  from space 512K,   8% used [0x040d0000, 0x040db228, 0x04150000)
  to   space 512K,   0% used [0x04050000, 0x04050000, 0x040d0000)
 tenured generation   total 10944K, used 1445K [0x09150000, 0x09c00000, 0x13c00000)
   the space 10944K,  13% used [0x09150000, 0x092b9788, 0x092b9800, 0x09c00000)
 compacting perm gen  total 12288K, used 7677K [0x13c00000, 0x14800000, 0x17c00000)
   the space 12288K,  62% used [0x13c00000, 0x1437f6a8, 0x1437f800, 0x14800000)
No shared spaces configured.
Event: 7.405 GC heap after
Heap after GC invocations=8 (full 0):
 def new generation   total 4928K, used 43K [0x03c00000, 0x04150000, 0x09150000)
  eden space 4416K,   0% used [0x03c00000, 0x03c00000, 0x04050000)
  from space 512K,   8% used [0x04050000, 0x0405af50, 0x040d0000)
  to   space 512K,   0% used [0x040d0000, 0x040d0000, 0x04150000)
 tenured generation   total 10944K, used 1445K [0x09150000, 0x09c00000, 0x13c00000)
   the space 10944K,  13% used [0x09150000, 0x092b9788, 0x092b9800, 0x09c00000)
 compacting perm gen  total 12288K, used 7677K [0x13c00000, 0x14800000, 0x17c00000)
   the space 12288K,  62% used [0x13c00000, 0x1437f6a8, 0x1437f800, 0x14800000)
No shared spaces configured.
}
Event: 7.783 GC heap before
{Heap before GC invocations=8 (full 0):
 def new generation   total 4928K, used 4459K [0x03c00000, 0x04150000, 0x09150000)
  eden space 4416K, 100% used [0x03c00000, 0x04050000, 0x04050000)
  from space 512K,   8% used [0x04050000, 0x0405af50, 0x040d0000)
  to   space 512K,   0% used [0x040d0000, 0x040d0000, 0x04150000)
 tenured generation   total 10944K, used 1445K [0x09150000, 0x09c00000, 0x13c00000)
   the space 10944K,  13% used [0x09150000, 0x092b9788, 0x092b9800, 0x09c00000)
 compacting perm gen  total 12288K, used 7677K [0x13c00000, 0x14800000, 0x17c00000)
   the space 12288K,  62% used [0x13c00000, 0x1437f6a8, 0x1437f800, 0x14800000)
No shared spaces configured.
Event: 7.784 GC heap after
Heap after GC invocations=9 (full 0):
 def new generation   total 4928K, used 45K [0x03c00000, 0x04150000, 0x09150000)
  eden space 4416K,   0% used [0x03c00000, 0x03c00000, 0x04050000)
  from space 512K,   8% used [0x040d0000, 0x040db4c0, 0x04150000)
  to   space 512K,   0% used [0x04050000, 0x04050000, 0x040d0000)
 tenured generation   total 10944K, used 1445K [0x09150000, 0x09c00000, 0x13c00000)
   the space 10944K,  13% used [0x09150000, 0x092b9788, 0x092b9800, 0x09c00000)
 compacting perm gen  total 12288K, used 7677K [0x13c00000, 0x14800000, 0x17c00000)
   the space 12288K,  62% used [0x13c00000, 0x1437f6a8, 0x1437f800, 0x14800000)
No shared spaces configured.
}
Event: 8.151 GC heap before
{Heap before GC invocations=9 (full 0):
 def new generation   total 4928K, used 4461K [0x03c00000, 0x04150000, 0x09150000)
  eden space 4416K, 100% used [0x03c00000, 0x04050000, 0x04050000)
  from space 512K,   8% used [0x040d0000, 0x040db4c0, 0x04150000)
  to   space 512K,   0% used [0x04050000, 0x04050000, 0x040d0000)
 tenured generation   total 10944K, used 1445K [0x09150000, 0x09c00000, 0x13c00000)
   the space 10944K,  13% used [0x09150000, 0x092b9788, 0x092b9800, 0x09c00000)
 compacting perm gen  total 12288K, used 7677K [0x13c00000, 0x14800000, 0x17c00000)
   the space 12288K,  62% used [0x13c00000, 0x1437f6a8, 0x1437f800, 0x14800000)
No shared spaces configured.
Event: 8.153 GC heap after
Heap after GC invocations=10 (full 0):
 def new generation   total 4928K, used 45K [0x03c00000, 0x04150000, 0x09150000)
  eden space 4416K,   0% used [0x03c00000, 0x03c00000, 0x04050000)
  from space 512K,   8% used [0x04050000, 0x0405b450, 0x040d0000)
  to   space 512K,   0% used [0x040d0000, 0x040d0000, 0x04150000)
 tenured generation   total 10944K, used 1445K [0x09150000, 0x09c00000, 0x13c00000)
   the space 10944K,  13% used [0x09150000, 0x092b9788, 0x092b9800, 0x09c00000)
 compacting perm gen  total 12288K, used 7677K [0x13c00000, 0x14800000, 0x17c00000)
   the space 12288K,  62% used [0x13c00000, 0x1437f6a8, 0x1437f800, 0x14800000)
No shared spaces configured.
}
Event: 8.499 GC heap before
{Heap before GC invocations=10 (full 0):
 def new generation   total 4928K, used 4461K [0x03c00000, 0x04150000, 0x09150000)
  eden space 4416K, 100% used [0x03c00000, 0x04050000, 0x04050000)
  from space 512K,   8% used [0x04050000, 0x0405b450, 0x040d0000)
  to   space 512K,   0% used [0x040d0000, 0x040d0000, 0x04150000)
 tenured generation   total 10944K, used 1445K [0x09150000, 0x09c00000, 0x13c00000)
   the space 10944K,  13% used [0x09150000, 0x092b9788, 0x092b9800, 0x09c00000)
 compacting perm gen  total 12288K, used 7677K [0x13c00000, 0x14800000, 0x17c00000)
   the space 12288K,  62% used [0x13c00000, 0x1437f6a8, 0x1437f800, 0x14800000)
No shared spaces configured.
Event: 8.500 GC heap after
Heap after GC invocations=11 (full 0):
 def new generation   total 4928K, used 44K [0x03c00000, 0x04150000, 0x09150000)
  eden space 4416K,   0% used [0x03c00000, 0x03c00000, 0x04050000)
  from space 512K,   8% used [0x040d0000, 0x040db2e8, 0x04150000)
  to   space 512K,   0% used [0x04050000, 0x04050000, 0x040d0000)
 tenured generation   total 10944K, used 1445K [0x09150000, 0x09c00000, 0x13c00000)
   the space 10944K,  13% used [0x09150000, 0x092b9788, 0x092b9800, 0x09c00000)
 compacting perm gen  total 12288K, used 7677K [0x13c00000, 0x14800000, 0x17c00000)
   the space 12288K,  62% used [0x13c00000, 0x1437f6a8, 0x1437f800, 0x14800000)
No shared spaces configured.
}

